Build started 8/13/2017 2:41:22 PM.
     1>Project "C:\Users\Mitch\Documents\Visual Studio 2015\Projects\RPG_mdavis19\RPG_mdavis19\RPG_mdavis19.vcxproj" on node 2 (Build target(s)).
     1>ClCompile:
         C:\Program Files (x86)\Microsoft Visual Studio 14.0\VC\bin\CL.exe /c /ZI /nologo /W3 /WX- /sdl /Od /Oy- /D WIN32 /D _DEBUG /D _CONSOLE /D _UNICODE /D UNICODE /Gm /EHsc /RTC1 /MDd /GS /fp:precise /Zc:wchar_t /Zc:forScope /Zc:inline /Yc"stdafx.h" /Fp"Debug\RPG_mdavis19.pch" /Fo"Debug\\" /Fd"Debug\vc140.pdb" /Gd /TP /analyze- /errorReport:prompt stdafx.cpp
         stdafx.cpp
         C:\Program Files (x86)\Microsoft Visual Studio 14.0\VC\bin\CL.exe /c /ZI /nologo /W3 /WX- /sdl /Od /Oy- /D WIN32 /D _DEBUG /D _CONSOLE /D _UNICODE /D UNICODE /Gm /EHsc /RTC1 /MDd /GS /fp:precise /Zc:wchar_t /Zc:forScope /Zc:inline /Yu"stdafx.h" /Fp"Debug\RPG_mdavis19.pch" /Fo"Debug\\" /Fd"Debug\vc140.pdb" /Gd /TP /analyze- /errorReport:prompt Bandit.cpp Cleric.cpp Dragon.cpp Enemy.cpp Entity.cpp Game.cpp Hero.cpp Mage.cpp Orc.cpp RPGDisplay.cpp RPG_mdavis19.cpp Warrior.cpp
         Game.cpp
     1>c:\users\mitch\documents\visual studio 2015\projects\rpg_mdavis19\rpg_mdavis19\game.cpp(222): warning C4244: '+=': conversion from 'double' to 'int', possible loss of data
     1>c:\users\mitch\documents\visual studio 2015\projects\rpg_mdavis19\rpg_mdavis19\game.cpp(294): warning C4244: '+=': conversion from 'double' to 'int', possible loss of data
     1>c:\users\mitch\documents\visual studio 2015\projects\rpg_mdavis19\rpg_mdavis19\game.cpp(311): warning C4244: '+=': conversion from 'double' to 'int', possible loss of data
     1>c:\users\mitch\documents\visual studio 2015\projects\rpg_mdavis19\rpg_mdavis19\game.cpp(389): warning C4018: '<': signed/unsigned mismatch
     1>c:\users\mitch\documents\visual studio 2015\projects\rpg_mdavis19\rpg_mdavis19\game.cpp(395): warning C4018: '<': signed/unsigned mismatch
     1>c:\users\mitch\documents\visual studio 2015\projects\rpg_mdavis19\rpg_mdavis19\game.cpp(501): warning C4244: 'argument': conversion from 'time_t' to 'unsigned int', possible loss of data
     1>c:\users\mitch\documents\visual studio 2015\projects\rpg_mdavis19\rpg_mdavis19\game.cpp(653): warning C4244: 'argument': conversion from 'time_t' to 'unsigned int', possible loss of data
     1>c:\users\mitch\documents\visual studio 2015\projects\rpg_mdavis19\rpg_mdavis19\game.cpp(701): warning C4244: 'argument': conversion from 'time_t' to 'unsigned int', possible loss of data
     1>c:\users\mitch\documents\visual studio 2015\projects\rpg_mdavis19\rpg_mdavis19\game.cpp(806): warning C4018: '>': signed/unsigned mismatch
     1>c:\users\mitch\documents\visual studio 2015\projects\rpg_mdavis19\rpg_mdavis19\game.cpp(917): warning C4018: '<': signed/unsigned mismatch
         Generating Code...
         Skipping... (no relevant changes detected)
         Warrior.cpp
         RPG_mdavis19.cpp
         RPGDisplay.cpp
         Orc.cpp
         Mage.cpp
         Hero.cpp
         Entity.cpp
         Enemy.cpp
         Dragon.cpp
         Cleric.cpp
         Bandit.cpp
       Link:
         C:\Program Files (x86)\Microsoft Visual Studio 14.0\VC\bin\link.exe /ERRORREPORT:PROMPT /OUT:"C:\Users\Mitch\Documents\Visual Studio 2015\Projects\RPG_mdavis19\Debug\RPG_mdavis19.exe" /INCREMENTAL /NOLOGO kernel32.lib user32.lib gdi32.lib winspool.lib comdlg32.lib advapi32.lib shell32.lib ole32.lib oleaut32.lib uuid.lib odbc32.lib odbccp32.lib /MANIFEST /MANIFESTUAC:"level='asInvoker' uiAccess='false'" /manifest:embed /Debug /PDB:"C:\Users\Mitch\Documents\Visual Studio 2015\Projects\RPG_mdavis19\Debug\RPG_mdavis19.pdb" /SUBSYSTEM:CONSOLE /TLBID:1 /DYNAMICBASE /NXCOMPAT /IMPLIB:"C:\Users\Mitch\Documents\Visual Studio 2015\Projects\RPG_mdavis19\Debug\RPG_mdavis19.lib" /MACHINE:X86 Debug\Bandit.obj
         Debug\Cleric.obj
         Debug\Dragon.obj
         Debug\Enemy.obj
         Debug\Entity.obj
         Debug\Game.obj
         Debug\Hero.obj
         Debug\Mage.obj
         Debug\Orc.obj
         Debug\RPGDisplay.obj
         Debug\RPG_mdavis19.obj
         Debug\stdafx.obj
         Debug\Warrior.obj
         RPG_mdavis19.vcxproj -> C:\Users\Mitch\Documents\Visual Studio 2015\Projects\RPG_mdavis19\Debug\RPG_mdavis19.exe
     1>Done Building Project "C:\Users\Mitch\Documents\Visual Studio 2015\Projects\RPG_mdavis19\RPG_mdavis19\RPG_mdavis19.vcxproj" (Build target(s)).

Build succeeded.

Time Elapsed 00:00:12.08
